{"/home/azh/code/backendteam/index.js": {"path":"/home/azh/code/backendteam/index.js","statementMap":{"0":{"start":{"line":1,"column":0},"end":{"line":3,"column":3}},"1":{"start":{"line":5,"column":22},"end":{"line":5,"column":55}},"2":{"start":{"line":6,"column":12},"end":{"line":6,"column":32}},"3":{"start":{"line":7,"column":18},"end":{"line":7,"column":47}},"4":{"start":{"line":8,"column":12},"end":{"line":8,"column":26}},"5":{"start":{"line":9,"column":15},"end":{"line":9,"column":32}},"6":{"start":{"line":10,"column":13},"end":{"line":10,"column":28}},"7":{"start":{"line":11,"column":11},"end":{"line":11,"column":24}},"8":{"start":{"line":12,"column":13},"end":{"line":12,"column":28}},"9":{"start":{"line":13,"column":15},"end":{"line":13,"column":32}},"10":{"start":{"line":15,"column":16},"end":{"line":15,"column":34}},"11":{"start":{"line":16,"column":12},"end":{"line":16,"column":21}},"12":{"start":{"line":17,"column":19},"end":{"line":17,"column":48}},"13":{"start":{"line":20,"column":0},"end":{"line":20,"column":24}},"14":{"start":{"line":21,"column":0},"end":{"line":25,"column":2}},"15":{"start":{"line":28,"column":0},"end":{"line":28,"column":22}},"16":{"start":{"line":30,"column":0},"end":{"line":30,"column":34}},"17":{"start":{"line":33,"column":19},"end":{"line":33,"column":51}},"18":{"start":{"line":34,"column":0},"end":{"line":34,"column":29}},"19":{"start":{"line":39,"column":0},"end":{"line":39,"column":25}},"20":{"start":{"line":42,"column":0},"end":{"line":42,"column":15}},"21":{"start":{"line":45,"column":16},"end":{"line":48,"column":2}},"22":{"start":{"line":50,"column":0},"end":{"line":50,"column":17}},"23":{"start":{"line":53,"column":0},"end":{"line":53,"column":15}},"24":{"start":{"line":56,"column":0},"end":{"line":60,"column":2}},"25":{"start":{"line":63,"column":0},"end":{"line":63,"column":16}},"26":{"start":{"line":65,"column":0},"end":{"line":78,"column":1}},"27":{"start":{"line":66,"column":2},"end":{"line":66,"column":25}},"28":{"start":{"line":69,"column":24},"end":{"line":74,"column":3}},"29":{"start":{"line":77,"column":2},"end":{"line":77,"column":59}},"30":{"start":{"line":82,"column":0},"end":{"line":87,"column":28}},"31":{"start":{"line":83,"column":13},"end":{"line":83,"column":17}},"32":{"start":{"line":84,"column":2},"end":{"line":86,"column":4}},"33":{"start":{"line":85,"column":4},"end":{"line":85,"column":49}},"34":{"start":{"line":87,"column":7},"end":{"line":87,"column":28}}},"fnMap":{"0":{"name":"(anonymous_0)","decl":{"start":{"line":84,"column":19},"end":{"line":84,"column":20}},"loc":{"start":{"line":85,"column":4},"end":{"line":85,"column":49}},"line":85}},"branchMap":{"0":{"loc":{"start":{"line":65,"column":0},"end":{"line":78,"column":1}},"type":"if","locations":[{"start":{"line":65,"column":0},"end":{"line":78,"column":1}},{"start":{"line":65,"column":0},"end":{"line":78,"column":1}}],"line":65},"1":{"loc":{"start":{"line":82,"column":0},"end":{"line":87,"column":28}},"type":"if","locations":[{"start":{"line":82,"column":0},"end":{"line":87,"column":28}},{"start":{"line":82,"column":0},"end":{"line":87,"column":28}}],"line":82}},"s":{"0":1,"1":1,"2":1,"3":1,"4":1,"5":1,"6":1,"7":1,"8":1,"9":1,"10":1,"11":1,"12":1,"13":1,"14":1,"15":1,"16":1,"17":1,"18":1,"19":1,"20":1,"21":1,"22":1,"23":1,"24":1,"25":1,"26":1,"27":0,"28":1,"29":1,"30":1,"31":0,"32":0,"33":0,"34":1},"f":{"0":0},"b":{"0":[0,1],"1":[0,1]},"_coverageSchema":"1a1c01bbd47fc00a2c39e90264f33305004495a9","hash":"66afb63a3ab59ebe9eb05af02b85edaa530f681f"}
,"/home/azh/code/backendteam/controllers/authController.js": {"path":"/home/azh/code/backendteam/controllers/authController.js","statementMap":{"0":{"start":{"line":1,"column":12},"end":{"line":1,"column":35}},"1":{"start":{"line":2,"column":17},"end":{"line":2,"column":37}},"2":{"start":{"line":6,"column":4},"end":{"line":29,"column":5}},"3":{"start":{"line":7,"column":19},"end":{"line":11,"column":7}},"4":{"start":{"line":12,"column":20},"end":{"line":19,"column":7}},"5":{"start":{"line":20,"column":6},"end":{"line":23,"column":9}},"6":{"start":{"line":25,"column":6},"end":{"line":28,"column":9}},"7":{"start":{"line":33,"column":4},"end":{"line":51,"column":5}},"8":{"start":{"line":34,"column":20},"end":{"line":34,"column":22}},"9":{"start":{"line":35,"column":6},"end":{"line":35,"column":32}},"10":{"start":{"line":36,"column":6},"end":{"line":36,"column":25}},"11":{"start":{"line":37,"column":17},"end":{"line":42,"column":7}},"12":{"start":{"line":43,"column":6},"end":{"line":47,"column":7}},"13":{"start":{"line":44,"column":8},"end":{"line":44,"column":72}},"14":{"start":{"line":46,"column":8},"end":{"line":46,"column":56}},"15":{"start":{"line":49,"column":6},"end":{"line":49,"column":21}},"16":{"start":{"line":50,"column":6},"end":{"line":50,"column":70}},"17":{"start":{"line":56,"column":0},"end":{"line":56,"column":38}}},"fnMap":{"0":{"name":"(anonymous_0)","decl":{"start":{"line":5,"column":2},"end":{"line":5,"column":3}},"loc":{"start":{"line":5,"column":27},"end":{"line":30,"column":3}},"line":5},"1":{"name":"(anonymous_1)","decl":{"start":{"line":32,"column":2},"end":{"line":32,"column":3}},"loc":{"start":{"line":32,"column":27},"end":{"line":52,"column":3}},"line":32}},"branchMap":{"0":{"loc":{"start":{"line":43,"column":6},"end":{"line":47,"column":7}},"type":"if","locations":[{"start":{"line":43,"column":6},"end":{"line":47,"column":7}},{"start":{"line":43,"column":6},"end":{"line":47,"column":7}}],"line":43}},"s":{"0":1,"1":1,"2":2,"3":2,"4":2,"5":2,"6":0,"7":0,"8":0,"9":0,"10":0,"11":0,"12":0,"13":0,"14":0,"15":0,"16":0,"17":1},"f":{"0":2,"1":0},"b":{"0":[0,0]},"_coverageSchema":"1a1c01bbd47fc00a2c39e90264f33305004495a9","hash":"dddbc078e09d7d3d877e1aee25dca08156374b36"}
,"/home/azh/code/backendteam/middlewares/auth/index.js": {"path":"/home/azh/code/backendteam/middlewares/auth/index.js","statementMap":{"0":{"start":{"line":1,"column":17},"end":{"line":1,"column":36}},"1":{"start":{"line":2,"column":22},"end":{"line":2,"column":56}},"2":{"start":{"line":3,"column":17},"end":{"line":3,"column":40}},"3":{"start":{"line":5,"column":15},"end":{"line":5,"column":32}},"4":{"start":{"line":6,"column":20},"end":{"line":6,"column":52}},"5":{"start":{"line":7,"column":19},"end":{"line":7,"column":53}},"6":{"start":{"line":8,"column":18},"end":{"line":8,"column":38}},"7":{"start":{"line":10,"column":0},"end":{"line":40,"column":2}},"8":{"start":{"line":19,"column":6},"end":{"line":37,"column":7}},"9":{"start":{"line":20,"column":25},"end":{"line":20,"column":52}},"10":{"start":{"line":22,"column":8},"end":{"line":24,"column":11}},"11":{"start":{"line":26,"column":8},"end":{"line":26,"column":23}},"12":{"start":{"line":28,"column":8},"end":{"line":36,"column":9}},"13":{"start":{"line":29,"column":10},"end":{"line":31,"column":13}},"14":{"start":{"line":33,"column":10},"end":{"line":35,"column":13}},"15":{"start":{"line":42,"column":0},"end":{"line":81,"column":2}},"16":{"start":{"line":51,"column":6},"end":{"line":78,"column":7}},"17":{"start":{"line":52,"column":27},"end":{"line":54,"column":10}},"18":{"start":{"line":56,"column":8},"end":{"line":60,"column":9}},"19":{"start":{"line":57,"column":10},"end":{"line":59,"column":13}},"20":{"start":{"line":62,"column":25},"end":{"line":62,"column":76}},"21":{"start":{"line":64,"column":8},"end":{"line":68,"column":9}},"22":{"start":{"line":65,"column":10},"end":{"line":67,"column":13}},"23":{"start":{"line":69,"column":8},"end":{"line":71,"column":11}},"24":{"start":{"line":73,"column":8},"end":{"line":73,"column":23}},"25":{"start":{"line":75,"column":8},"end":{"line":77,"column":11}},"26":{"start":{"line":83,"column":0},"end":{"line":102,"column":2}},"27":{"start":{"line":91,"column":25},"end":{"line":93,"column":15}},"28":{"start":{"line":95,"column":6},"end":{"line":97,"column":7}},"29":{"start":{"line":96,"column":8},"end":{"line":96,"column":38}},"30":{"start":{"line":99,"column":6},"end":{"line":99,"column":70}},"31":{"start":{"line":104,"column":0},"end":{"line":123,"column":2}},"32":{"start":{"line":112,"column":25},"end":{"line":114,"column":8}},"33":{"start":{"line":116,"column":6},"end":{"line":118,"column":7}},"34":{"start":{"line":117,"column":8},"end":{"line":117,"column":38}},"35":{"start":{"line":120,"column":6},"end":{"line":120,"column":70}},"36":{"start":{"line":125,"column":13},"end":{"line":155,"column":1}},"37":{"start":{"line":126,"column":2},"end":{"line":154,"column":3}},"38":{"start":{"line":128,"column":14},"end":{"line":128,"column":41}},"39":{"start":{"line":129,"column":4},"end":{"line":147,"column":23}},"40":{"start":{"line":130,"column":6},"end":{"line":136,"column":7}},"41":{"start":{"line":131,"column":8},"end":{"line":131,"column":25}},"42":{"start":{"line":132,"column":8},"end":{"line":135,"column":11}},"43":{"start":{"line":139,"column":6},"end":{"line":144,"column":7}},"44":{"start":{"line":140,"column":8},"end":{"line":143,"column":11}},"45":{"start":{"line":145,"column":6},"end":{"line":145,"column":22}},"46":{"start":{"line":146,"column":6},"end":{"line":146,"column":13}},"47":{"start":{"line":149,"column":4},"end":{"line":149,"column":19}},"48":{"start":{"line":150,"column":4},"end":{"line":153,"column":7}},"49":{"start":{"line":157,"column":14},"end":{"line":186,"column":1}},"50":{"start":{"line":158,"column":2},"end":{"line":185,"column":3}},"51":{"start":{"line":159,"column":4},"end":{"line":178,"column":23}},"52":{"start":{"line":160,"column":6},"end":{"line":166,"column":7}},"53":{"start":{"line":161,"column":8},"end":{"line":161,"column":25}},"54":{"start":{"line":162,"column":8},"end":{"line":165,"column":11}},"55":{"start":{"line":169,"column":6},"end":{"line":174,"column":7}},"56":{"start":{"line":170,"column":8},"end":{"line":173,"column":11}},"57":{"start":{"line":175,"column":6},"end":{"line":175,"column":22}},"58":{"start":{"line":176,"column":6},"end":{"line":176,"column":13}},"59":{"start":{"line":180,"column":4},"end":{"line":180,"column":19}},"60":{"start":{"line":181,"column":4},"end":{"line":184,"column":7}},"61":{"start":{"line":188,"column":13},"end":{"line":217,"column":1}},"62":{"start":{"line":189,"column":2},"end":{"line":216,"column":3}},"63":{"start":{"line":190,"column":4},"end":{"line":209,"column":23}},"64":{"start":{"line":191,"column":6},"end":{"line":197,"column":7}},"65":{"start":{"line":192,"column":8},"end":{"line":192,"column":25}},"66":{"start":{"line":193,"column":8},"end":{"line":196,"column":11}},"67":{"start":{"line":200,"column":6},"end":{"line":205,"column":7}},"68":{"start":{"line":201,"column":8},"end":{"line":204,"column":11}},"69":{"start":{"line":206,"column":6},"end":{"line":206,"column":22}},"70":{"start":{"line":207,"column":6},"end":{"line":207,"column":13}},"71":{"start":{"line":211,"column":4},"end":{"line":211,"column":19}},"72":{"start":{"line":212,"column":4},"end":{"line":215,"column":7}},"73":{"start":{"line":218,"column":0},"end":{"line":218,"column":45}}},"fnMap":{"0":{"name":"(anonymous_0)","decl":{"start":{"line":18,"column":4},"end":{"line":18,"column":5}},"loc":{"start":{"line":18,"column":42},"end":{"line":38,"column":5}},"line":18},"1":{"name":"(anonymous_1)","decl":{"start":{"line":50,"column":4},"end":{"line":50,"column":5}},"loc":{"start":{"line":50,"column":42},"end":{"line":79,"column":5}},"line":50},"2":{"name":"(anonymous_2)","decl":{"start":{"line":90,"column":4},"end":{"line":90,"column":5}},"loc":{"start":{"line":90,"column":27},"end":{"line":100,"column":5}},"line":90},"3":{"name":"(anonymous_3)","decl":{"start":{"line":111,"column":4},"end":{"line":111,"column":5}},"loc":{"start":{"line":111,"column":27},"end":{"line":121,"column":5}},"line":111},"4":{"name":"(anonymous_4)","decl":{"start":{"line":125,"column":13},"end":{"line":125,"column":14}},"loc":{"start":{"line":125,"column":39},"end":{"line":155,"column":1}},"line":125},"5":{"name":"(anonymous_5)","decl":{"start":{"line":129,"column":31},"end":{"line":129,"column":32}},"loc":{"start":{"line":129,"column":52},"end":{"line":147,"column":5}},"line":129},"6":{"name":"(anonymous_6)","decl":{"start":{"line":157,"column":14},"end":{"line":157,"column":15}},"loc":{"start":{"line":157,"column":40},"end":{"line":186,"column":1}},"line":157},"7":{"name":"(anonymous_7)","decl":{"start":{"line":159,"column":52},"end":{"line":159,"column":53}},"loc":{"start":{"line":159,"column":73},"end":{"line":178,"column":5}},"line":159},"8":{"name":"(anonymous_8)","decl":{"start":{"line":188,"column":13},"end":{"line":188,"column":14}},"loc":{"start":{"line":188,"column":39},"end":{"line":217,"column":1}},"line":188},"9":{"name":"(anonymous_9)","decl":{"start":{"line":190,"column":51},"end":{"line":190,"column":52}},"loc":{"start":{"line":190,"column":72},"end":{"line":209,"column":5}},"line":190}},"branchMap":{"0":{"loc":{"start":{"line":28,"column":8},"end":{"line":36,"column":9}},"type":"if","locations":[{"start":{"line":28,"column":8},"end":{"line":36,"column":9}},{"start":{"line":28,"column":8},"end":{"line":36,"column":9}}],"line":28},"1":{"loc":{"start":{"line":28,"column":12},"end":{"line":28,"column":54}},"type":"binary-expr","locations":[{"start":{"line":28,"column":12},"end":{"line":28,"column":27}},{"start":{"line":28,"column":31},"end":{"line":28,"column":54}}],"line":28},"2":{"loc":{"start":{"line":56,"column":8},"end":{"line":60,"column":9}},"type":"if","locations":[{"start":{"line":56,"column":8},"end":{"line":60,"column":9}},{"start":{"line":56,"column":8},"end":{"line":60,"column":9}}],"line":56},"3":{"loc":{"start":{"line":64,"column":8},"end":{"line":68,"column":9}},"type":"if","locations":[{"start":{"line":64,"column":8},"end":{"line":68,"column":9}},{"start":{"line":64,"column":8},"end":{"line":68,"column":9}}],"line":64},"4":{"loc":{"start":{"line":95,"column":6},"end":{"line":97,"column":7}},"type":"if","locations":[{"start":{"line":95,"column":6},"end":{"line":97,"column":7}},{"start":{"line":95,"column":6},"end":{"line":97,"column":7}}],"line":95},"5":{"loc":{"start":{"line":116,"column":6},"end":{"line":118,"column":7}},"type":"if","locations":[{"start":{"line":116,"column":6},"end":{"line":118,"column":7}},{"start":{"line":116,"column":6},"end":{"line":118,"column":7}}],"line":116},"6":{"loc":{"start":{"line":130,"column":6},"end":{"line":136,"column":7}},"type":"if","locations":[{"start":{"line":130,"column":6},"end":{"line":136,"column":7}},{"start":{"line":130,"column":6},"end":{"line":136,"column":7}}],"line":130},"7":{"loc":{"start":{"line":139,"column":6},"end":{"line":144,"column":7}},"type":"if","locations":[{"start":{"line":139,"column":6},"end":{"line":144,"column":7}},{"start":{"line":139,"column":6},"end":{"line":144,"column":7}}],"line":139},"8":{"loc":{"start":{"line":160,"column":6},"end":{"line":166,"column":7}},"type":"if","locations":[{"start":{"line":160,"column":6},"end":{"line":166,"column":7}},{"start":{"line":160,"column":6},"end":{"line":166,"column":7}}],"line":160},"9":{"loc":{"start":{"line":169,"column":6},"end":{"line":174,"column":7}},"type":"if","locations":[{"start":{"line":169,"column":6},"end":{"line":174,"column":7}},{"start":{"line":169,"column":6},"end":{"line":174,"column":7}}],"line":169},"10":{"loc":{"start":{"line":191,"column":6},"end":{"line":197,"column":7}},"type":"if","locations":[{"start":{"line":191,"column":6},"end":{"line":197,"column":7}},{"start":{"line":191,"column":6},"end":{"line":197,"column":7}}],"line":191},"11":{"loc":{"start":{"line":200,"column":6},"end":{"line":205,"column":7}},"type":"if","locations":[{"start":{"line":200,"column":6},"end":{"line":205,"column":7}},{"start":{"line":200,"column":6},"end":{"line":205,"column":7}}],"line":200}},"s":{"0":1,"1":1,"2":1,"3":1,"4":1,"5":1,"6":1,"7":1,"8":1,"9":1,"10":1,"11":0,"12":0,"13":0,"14":0,"15":1,"16":1,"17":1,"18":1,"19":0,"20":1,"21":1,"22":0,"23":1,"24":0,"25":0,"26":1,"27":0,"28":0,"29":0,"30":0,"31":1,"32":0,"33":0,"34":0,"35":0,"36":1,"37":2,"38":2,"39":2,"40":2,"41":0,"42":0,"43":2,"44":0,"45":2,"46":2,"47":0,"48":0,"49":1,"50":0,"51":0,"52":0,"53":0,"54":0,"55":0,"56":0,"57":0,"58":0,"59":0,"60":0,"61":1,"62":0,"63":0,"64":0,"65":0,"66":0,"67":0,"68":0,"69":0,"70":0,"71":0,"72":0,"73":1},"f":{"0":1,"1":1,"2":0,"3":0,"4":2,"5":2,"6":0,"7":0,"8":0,"9":0},"b":{"0":[0,0],"1":[0,0],"2":[0,1],"3":[0,1],"4":[0,0],"5":[0,0],"6":[0,2],"7":[0,2],"8":[0,0],"9":[0,0],"10":[0,0],"11":[0,0]},"_coverageSchema":"1a1c01bbd47fc00a2c39e90264f33305004495a9","hash":"8afb235ba62cecb77a6b5dce2756723f214f1857"}
,"/home/azh/code/backendteam/middlewares/validators/userValidator.js": {"path":"/home/azh/code/backendteam/middlewares/validators/userValidator.js","statementMap":{"0":{"start":{"line":1,"column":18},"end":{"line":1,"column":38}},"1":{"start":{"line":5,"column":4},"end":{"line":53,"column":5}},"2":{"start":{"line":6,"column":16},"end":{"line":6,"column":43}},"3":{"start":{"line":7,"column":19},"end":{"line":7,"column":21}},"4":{"start":{"line":9,"column":6},"end":{"line":36,"column":7}},"5":{"start":{"line":10,"column":8},"end":{"line":12,"column":9}},"6":{"start":{"line":11,"column":10},"end":{"line":11,"column":47}},"7":{"start":{"line":14,"column":8},"end":{"line":31,"column":9}},"8":{"start":{"line":30,"column":10},"end":{"line":30,"column":165}},"9":{"start":{"line":33,"column":8},"end":{"line":35,"column":9}},"10":{"start":{"line":34,"column":10},"end":{"line":34,"column":45}},"11":{"start":{"line":38,"column":6},"end":{"line":40,"column":7}},"12":{"start":{"line":39,"column":8},"end":{"line":39,"column":41}},"13":{"start":{"line":42,"column":6},"end":{"line":46,"column":7}},"14":{"start":{"line":43,"column":8},"end":{"line":45,"column":11}},"15":{"start":{"line":47,"column":6},"end":{"line":47,"column":13}},"16":{"start":{"line":49,"column":6},"end":{"line":49,"column":21}},"17":{"start":{"line":50,"column":6},"end":{"line":52,"column":9}},"18":{"start":{"line":57,"column":0},"end":{"line":57,"column":37}}},"fnMap":{"0":{"name":"(anonymous_0)","decl":{"start":{"line":4,"column":2},"end":{"line":4,"column":3}},"loc":{"start":{"line":4,"column":33},"end":{"line":54,"column":3}},"line":4}},"branchMap":{"0":{"loc":{"start":{"line":9,"column":6},"end":{"line":36,"column":7}},"type":"if","locations":[{"start":{"line":9,"column":6},"end":{"line":36,"column":7}},{"start":{"line":9,"column":6},"end":{"line":36,"column":7}}],"line":9},"1":{"loc":{"start":{"line":10,"column":8},"end":{"line":12,"column":9}},"type":"if","locations":[{"start":{"line":10,"column":8},"end":{"line":12,"column":9}},{"start":{"line":10,"column":8},"end":{"line":12,"column":9}}],"line":10},"2":{"loc":{"start":{"line":14,"column":8},"end":{"line":31,"column":9}},"type":"if","locations":[{"start":{"line":14,"column":8},"end":{"line":31,"column":9}},{"start":{"line":14,"column":8},"end":{"line":31,"column":9}}],"line":14},"3":{"loc":{"start":{"line":33,"column":8},"end":{"line":35,"column":9}},"type":"if","locations":[{"start":{"line":33,"column":8},"end":{"line":35,"column":9}},{"start":{"line":33,"column":8},"end":{"line":35,"column":9}}],"line":33},"4":{"loc":{"start":{"line":38,"column":6},"end":{"line":40,"column":7}},"type":"if","locations":[{"start":{"line":38,"column":6},"end":{"line":40,"column":7}},{"start":{"line":38,"column":6},"end":{"line":40,"column":7}}],"line":38},"5":{"loc":{"start":{"line":42,"column":6},"end":{"line":46,"column":7}},"type":"if","locations":[{"start":{"line":42,"column":6},"end":{"line":46,"column":7}},{"start":{"line":42,"column":6},"end":{"line":46,"column":7}}],"line":42}},"s":{"0":1,"1":6,"2":6,"3":6,"4":6,"5":5,"6":1,"7":5,"8":1,"9":5,"10":1,"11":6,"12":1,"13":6,"14":4,"15":2,"16":0,"17":0,"18":1},"f":{"0":6},"b":{"0":[5,1],"1":[1,4],"2":[1,4],"3":[1,4],"4":[1,5],"5":[4,2]},"_coverageSchema":"1a1c01bbd47fc00a2c39e90264f33305004495a9","hash":"660638a6e102b12cb94bc6c9ccffe208788dbb14"}
,"/home/azh/code/backendteam/models/index.js": {"path":"/home/azh/code/backendteam/models/index.js","statementMap":{"0":{"start":{"line":1,"column":17},"end":{"line":1,"column":36}},"1":{"start":{"line":3,"column":12},"end":{"line":3,"column":33}},"2":{"start":{"line":5,"column":0},"end":{"line":13,"column":32}},"3":{"start":{"line":12,"column":14},"end":{"line":12,"column":47}},"4":{"start":{"line":13,"column":16},"end":{"line":13,"column":30}},"5":{"start":{"line":16,"column":13},"end":{"line":16,"column":34}},"6":{"start":{"line":17,"column":14},"end":{"line":17,"column":36}},"7":{"start":{"line":18,"column":15},"end":{"line":18,"column":38}},"8":{"start":{"line":20,"column":0},"end":{"line":20,"column":41}}},"fnMap":{"0":{"name":"(anonymous_0)","decl":{"start":{"line":12,"column":8},"end":{"line":12,"column":9}},"loc":{"start":{"line":12,"column":14},"end":{"line":12,"column":47}},"line":12},"1":{"name":"(anonymous_1)","decl":{"start":{"line":13,"column":9},"end":{"line":13,"column":10}},"loc":{"start":{"line":13,"column":16},"end":{"line":13,"column":30}},"line":13}},"branchMap":{},"s":{"0":1,"1":1,"2":1,"3":1,"4":0,"5":1,"6":1,"7":1,"8":1},"f":{"0":1,"1":0},"b":{},"_coverageSchema":"1a1c01bbd47fc00a2c39e90264f33305004495a9","hash":"1279c25dfb65d6f54a24c61b7d07e8547a6c6ccc"}
,"/home/azh/code/backendteam/models/movies.js": {"path":"/home/azh/code/backendteam/models/movies.js","statementMap":{"0":{"start":{"line":1,"column":17},"end":{"line":1,"column":36}},"1":{"start":{"line":2,"column":24},"end":{"line":2,"column":50}},"2":{"start":{"line":4,"column":20},"end":{"line":73,"column":1}},"3":{"start":{"line":76,"column":0},"end":{"line":76,"column":64}},"4":{"start":{"line":78,"column":0},"end":{"line":78,"column":65}}},"fnMap":{},"branchMap":{},"s":{"0":1,"1":1,"2":1,"3":1,"4":1},"f":{},"b":{},"_coverageSchema":"1a1c01bbd47fc00a2c39e90264f33305004495a9","hash":"ab40bab0d7a5b53cdfc5d2ff3344ea8e780957d6"}
,"/home/azh/code/backendteam/models/reviews.js": {"path":"/home/azh/code/backendteam/models/reviews.js","statementMap":{"0":{"start":{"line":1,"column":17},"end":{"line":1,"column":36}},"1":{"start":{"line":2,"column":24},"end":{"line":2,"column":50}},"2":{"start":{"line":4,"column":21},"end":{"line":29,"column":1}},"3":{"start":{"line":32,"column":0},"end":{"line":32,"column":65}},"4":{"start":{"line":34,"column":0},"end":{"line":34,"column":68}}},"fnMap":{},"branchMap":{},"s":{"0":1,"1":1,"2":1,"3":1,"4":1},"f":{},"b":{},"_coverageSchema":"1a1c01bbd47fc00a2c39e90264f33305004495a9","hash":"c6247b31a51cd4693df36afa853659b1f235c259"}
,"/home/azh/code/backendteam/models/users.js": {"path":"/home/azh/code/backendteam/models/users.js","statementMap":{"0":{"start":{"line":1,"column":17},"end":{"line":1,"column":36}},"1":{"start":{"line":2,"column":24},"end":{"line":2,"column":50}},"2":{"start":{"line":3,"column":15},"end":{"line":3,"column":32}},"3":{"start":{"line":5,"column":19},"end":{"line":42,"column":1}},"4":{"start":{"line":45,"column":2},"end":{"line":45,"column":37}},"5":{"start":{"line":49,"column":2},"end":{"line":49,"column":39}},"6":{"start":{"line":51,"column":0},"end":{"line":51,"column":63}},"7":{"start":{"line":53,"column":0},"end":{"line":53,"column":60}}},"fnMap":{"0":{"name":"getImage","decl":{"start":{"line":44,"column":9},"end":{"line":44,"column":17}},"loc":{"start":{"line":44,"column":25},"end":{"line":46,"column":1}},"line":44},"1":{"name":"encryptPwd","decl":{"start":{"line":48,"column":9},"end":{"line":48,"column":19}},"loc":{"start":{"line":48,"column":30},"end":{"line":50,"column":1}},"line":48}},"branchMap":{"0":{"loc":{"start":{"line":45,"column":9},"end":{"line":45,"column":36}},"type":"binary-expr","locations":[{"start":{"line":45,"column":9},"end":{"line":45,"column":14}},{"start":{"line":45,"column":18},"end":{"line":45,"column":36}}],"line":45}},"s":{"0":1,"1":1,"2":1,"3":1,"4":0,"5":1,"6":1,"7":1},"f":{"0":0,"1":1},"b":{"0":[0,0]},"_coverageSchema":"1a1c01bbd47fc00a2c39e90264f33305004495a9","hash":"0d31e14efbc3e8ebdc014b0aeb29c5f9d5b5025d"}
,"/home/azh/code/backendteam/routes/authRoute.js": {"path":"/home/azh/code/backendteam/routes/authRoute.js","statementMap":{"0":{"start":{"line":1,"column":16},"end":{"line":1,"column":34}},"1":{"start":{"line":2,"column":15},"end":{"line":2,"column":31}},"2":{"start":{"line":5,"column":17},"end":{"line":5,"column":36}},"3":{"start":{"line":6,"column":19},"end":{"line":6,"column":50}},"4":{"start":{"line":7,"column":23},"end":{"line":7,"column":63}},"5":{"start":{"line":8,"column":22},"end":{"line":8,"column":72}},"6":{"start":{"line":10,"column":0},"end":{"line":10,"column":80}},"7":{"start":{"line":11,"column":0},"end":{"line":11,"column":79}},"8":{"start":{"line":14,"column":0},"end":{"line":14,"column":24}}},"fnMap":{},"branchMap":{},"s":{"0":1,"1":1,"2":1,"3":1,"4":1,"5":1,"6":1,"7":1,"8":1},"f":{},"b":{},"_coverageSchema":"1a1c01bbd47fc00a2c39e90264f33305004495a9","hash":"367558cd0b54c152d2686c581ca1042b913d1432"}
}
