TN:
SF:index.js
FN:84,(anonymous_0)
FNF:1
FNH:0
FNDA:0,(anonymous_0)
DA:1,1
DA:5,1
DA:6,1
DA:7,1
DA:8,1
DA:9,1
DA:10,1
DA:11,1
DA:12,1
DA:13,1
DA:15,1
DA:16,1
DA:17,1
DA:20,1
DA:21,1
DA:28,1
DA:30,1
DA:33,1
DA:34,1
DA:39,1
DA:42,1
DA:45,1
DA:50,1
DA:53,1
DA:56,1
DA:63,1
DA:65,1
DA:66,0
DA:69,1
DA:77,1
DA:82,1
DA:83,0
DA:84,0
DA:85,0
DA:87,1
LF:35
LH:31
BRDA:65,0,0,0
BRDA:65,0,1,1
BRDA:82,1,0,0
BRDA:82,1,1,1
BRF:4
BRH:2
end_of_record
TN:
SF:controllers/authController.js
FN:5,(anonymous_0)
FN:32,(anonymous_1)
FNF:2
FNH:1
FNDA:2,(anonymous_0)
FNDA:0,(anonymous_1)
DA:1,1
DA:2,1
DA:6,2
DA:7,2
DA:12,2
DA:20,2
DA:25,0
DA:33,0
DA:34,0
DA:35,0
DA:36,0
DA:37,0
DA:43,0
DA:44,0
DA:46,0
DA:49,0
DA:50,0
DA:56,1
LF:18
LH:7
BRDA:43,0,0,0
BRDA:43,0,1,0
BRF:2
BRH:0
end_of_record
TN:
SF:middlewares/auth/index.js
FN:18,(anonymous_0)
FN:50,(anonymous_1)
FN:90,(anonymous_2)
FN:111,(anonymous_3)
FN:125,(anonymous_4)
FN:129,(anonymous_5)
FN:157,(anonymous_6)
FN:159,(anonymous_7)
FN:188,(anonymous_8)
FN:190,(anonymous_9)
FNF:10
FNH:4
FNDA:1,(anonymous_0)
FNDA:1,(anonymous_1)
FNDA:0,(anonymous_2)
FNDA:0,(anonymous_3)
FNDA:2,(anonymous_4)
FNDA:2,(anonymous_5)
FNDA:0,(anonymous_6)
FNDA:0,(anonymous_7)
FNDA:0,(anonymous_8)
FNDA:0,(anonymous_9)
DA:1,1
DA:2,1
DA:3,1
DA:5,1
DA:6,1
DA:7,1
DA:8,1
DA:10,1
DA:19,1
DA:20,1
DA:22,1
DA:26,0
DA:28,0
DA:29,0
DA:33,0
DA:42,1
DA:51,1
DA:52,1
DA:56,1
DA:57,0
DA:62,1
DA:64,1
DA:65,0
DA:69,1
DA:73,0
DA:75,0
DA:83,1
DA:91,0
DA:95,0
DA:96,0
DA:99,0
DA:104,1
DA:112,0
DA:116,0
DA:117,0
DA:120,0
DA:125,1
DA:126,2
DA:128,2
DA:129,2
DA:130,2
DA:131,0
DA:132,0
DA:139,2
DA:140,0
DA:145,2
DA:146,2
DA:149,0
DA:150,0
DA:157,1
DA:158,0
DA:159,0
DA:160,0
DA:161,0
DA:162,0
DA:169,0
DA:170,0
DA:175,0
DA:176,0
DA:180,0
DA:181,0
DA:188,1
DA:189,0
DA:190,0
DA:191,0
DA:192,0
DA:193,0
DA:200,0
DA:201,0
DA:206,0
DA:207,0
DA:211,0
DA:212,0
DA:218,1
LF:74
LH:31
BRDA:28,0,0,0
BRDA:28,0,1,0
BRDA:28,1,0,0
BRDA:28,1,1,0
BRDA:56,2,0,0
BRDA:56,2,1,1
BRDA:64,3,0,0
BRDA:64,3,1,1
BRDA:95,4,0,0
BRDA:95,4,1,0
BRDA:116,5,0,0
BRDA:116,5,1,0
BRDA:130,6,0,0
BRDA:130,6,1,2
BRDA:139,7,0,0
BRDA:139,7,1,2
BRDA:160,8,0,0
BRDA:160,8,1,0
BRDA:169,9,0,0
BRDA:169,9,1,0
BRDA:191,10,0,0
BRDA:191,10,1,0
BRDA:200,11,0,0
BRDA:200,11,1,0
BRF:24
BRH:4
end_of_record
TN:
SF:middlewares/validators/userValidator.js
FN:4,(anonymous_0)
FNF:1
FNH:1
FNDA:6,(anonymous_0)
DA:1,1
DA:5,6
DA:6,6
DA:7,6
DA:9,6
DA:10,5
DA:11,1
DA:14,5
DA:30,1
DA:33,5
DA:34,1
DA:38,6
DA:39,1
DA:42,6
DA:43,4
DA:47,2
DA:49,0
DA:50,0
DA:57,1
LF:19
LH:17
BRDA:9,0,0,5
BRDA:9,0,1,1
BRDA:10,1,0,1
BRDA:10,1,1,4
BRDA:14,2,0,1
BRDA:14,2,1,4
BRDA:33,3,0,1
BRDA:33,3,1,4
BRDA:38,4,0,1
BRDA:38,4,1,5
BRDA:42,5,0,4
BRDA:42,5,1,2
BRF:12
BRH:12
end_of_record
TN:
SF:models/index.js
FN:12,(anonymous_0)
FN:13,(anonymous_1)
FNF:2
FNH:1
FNDA:1,(anonymous_0)
FNDA:0,(anonymous_1)
DA:1,1
DA:3,1
DA:5,1
DA:12,1
DA:13,0
DA:16,1
DA:17,1
DA:18,1
DA:20,1
LF:9
LH:8
BRF:0
BRH:0
end_of_record
TN:
SF:models/movies.js
FNF:0
FNH:0
DA:1,1
DA:2,1
DA:4,1
DA:76,1
DA:78,1
LF:5
LH:5
BRF:0
BRH:0
end_of_record
TN:
SF:models/reviews.js
FNF:0
FNH:0
DA:1,1
DA:2,1
DA:4,1
DA:32,1
DA:34,1
LF:5
LH:5
BRF:0
BRH:0
end_of_record
TN:
SF:models/users.js
FN:44,getImage
FN:48,encryptPwd
FNF:2
FNH:1
FNDA:0,getImage
FNDA:1,encryptPwd
DA:1,1
DA:2,1
DA:3,1
DA:5,1
DA:45,0
DA:49,1
DA:51,1
DA:53,1
LF:8
LH:7
BRDA:45,0,0,0
BRDA:45,0,1,0
BRF:2
BRH:0
end_of_record
TN:
SF:routes/authRoute.js
FNF:0
FNH:0
DA:1,1
DA:2,1
DA:5,1
DA:6,1
DA:7,1
DA:8,1
DA:10,1
DA:11,1
DA:14,1
LF:9
LH:9
BRF:0
BRH:0
end_of_record
